i:\bomberman\bomberman\debug\vc120.pdb
i:\bomberman\bomberman\debug\vc120.idb
i:\bomberman\bomberman\debug\block.obj
i:\bomberman\bomberman\debug\bomb.obj
i:\bomberman\bomberman\debug\bomberman.obj
i:\bomberman\bomberman\debug\button.obj
i:\bomberman\bomberman\debug\character.obj
i:\bomberman\bomberman\debug\animatedgif.obj
i:\bomberman\bomberman\debug\man.obj
i:\bomberman\bomberman\debug\map.obj
i:\bomberman\bomberman\debug\menu.obj
i:\bomberman\bomberman\debug\messagebox.obj
i:\bomberman\bomberman\debug\monster.obj
i:\bomberman\bomberman\debug\game.obj
i:\bomberman\debug\bomberman.pdb
i:\bomberman\bomberman\debug\bomberman.tlog\cl.command.1.tlog
i:\bomberman\bomberman\debug\bomberman.tlog\cl.read.1.tlog
i:\bomberman\bomberman\debug\bomberman.tlog\cl.write.1.tlog
i:\bomberman\bomberman\debug\bomberman.tlog\link-cvtres.read.1.tlog
i:\bomberman\bomberman\debug\bomberman.tlog\link-cvtres.write.1.tlog
i:\bomberman\bomberman\debug\bomberman.tlog\link-rc.read.1.tlog
i:\bomberman\bomberman\debug\bomberman.tlog\link-rc.write.1.tlog
i:\bomberman\bomberman\debug\bomberman.tlog\link.command.1.tlog
i:\bomberman\bomberman\debug\bomberman.tlog\link.read.1.tlog
i:\bomberman\bomberman\debug\bomberman.tlog\link.write.1.tlog
