a:\programmation\c++\tp\tp3\pac-man\pac-man\debug\vc120.pdb
a:\programmation\c++\tp\tp3\pac-man\pac-man\debug\vc120.idb
a:\programmation\c++\tp\tp3\pac-man\pac-man\debug\bonhomme.obj
a:\programmation\c++\tp\tp3\pac-man\pac-man\debug\comestible.obj
a:\programmation\c++\tp\tp3\pac-man\pac-man\debug\fantome.obj
a:\programmation\c++\tp\tp3\pac-man\pac-man\debug\fantome1.obj
a:\programmation\c++\tp\tp3\pac-man\pac-man\debug\fantome2.obj
a:\programmation\c++\tp\tp3\pac-man\pac-man\debug\fantome3.obj
a:\programmation\c++\tp\tp3\pac-man\pac-man\debug\fantome4.obj
a:\programmation\c++\tp\tp3\pac-man\pac-man\debug\fruit.obj
a:\programmation\c++\tp\tp3\pac-man\pac-man\debug\pac-man.obj
a:\programmation\c++\tp\tp3\pac-man\pac-man\debug\pacman.obj
a:\programmation\c++\tp\tp3\pac-man\pac-man\debug\pastille.obj
a:\programmation\c++\tp\tp3\pac-man\pac-man\debug\pilule.obj
a:\programmation\c++\tp3 - pacman sfml\pac-man\pac-man\debug\vc120.pdb
a:\programmation\c++\tp3 - pacman sfml\pac-man\pac-man\debug\vc120.idb
a:\programmation\c++\tp3 - pacman sfml\pac-man\pac-man\debug\bonhomme.obj
a:\programmation\c++\tp3 - pacman sfml\pac-man\pac-man\debug\comestible.obj
a:\programmation\c++\tp3 - pacman sfml\pac-man\pac-man\debug\fantome.obj
a:\programmation\c++\tp3 - pacman sfml\pac-man\pac-man\debug\fantome1.obj
a:\programmation\c++\tp3 - pacman sfml\pac-man\pac-man\debug\fantome2.obj
a:\programmation\c++\tp3 - pacman sfml\pac-man\pac-man\debug\fantome3.obj
a:\programmation\c++\tp3 - pacman sfml\pac-man\pac-man\debug\fantome4.obj
a:\programmation\c++\tp3 - pacman sfml\pac-man\pac-man\debug\fruit.obj
a:\programmation\c++\tp3 - pacman sfml\pac-man\pac-man\debug\pac-man.obj
a:\programmation\c++\tp3 - pacman sfml\pac-man\pac-man\debug\pacman.obj
a:\programmation\c++\tp3 - pacman sfml\pac-man\pac-man\debug\pastille.obj
a:\programmation\c++\tp3 - pacman sfml\pac-man\pac-man\debug\pilule.obj
a:\programmation\c++\tp3 - pacman sfml\pac-man\debug\pac-man.pdb
a:\programmation\c++\tp3 - pacman sfml\pac-man\pac-man\debug\pac-man.tlog\cl.command.1.tlog
a:\programmation\c++\tp3 - pacman sfml\pac-man\pac-man\debug\pac-man.tlog\cl.read.1.tlog
a:\programmation\c++\tp3 - pacman sfml\pac-man\pac-man\debug\pac-man.tlog\cl.write.1.tlog
a:\programmation\c++\tp3 - pacman sfml\pac-man\pac-man\debug\pac-man.tlog\link-cvtres.read.1.tlog
a:\programmation\c++\tp3 - pacman sfml\pac-man\pac-man\debug\pac-man.tlog\link-cvtres.write.1.tlog
a:\programmation\c++\tp3 - pacman sfml\pac-man\pac-man\debug\pac-man.tlog\link-rc.read.1.tlog
a:\programmation\c++\tp3 - pacman sfml\pac-man\pac-man\debug\pac-man.tlog\link-rc.write.1.tlog
a:\programmation\c++\tp3 - pacman sfml\pac-man\pac-man\debug\pac-man.tlog\link.command.1.tlog
a:\programmation\c++\tp3 - pacman sfml\pac-man\pac-man\debug\pac-man.tlog\link.read.1.tlog
a:\programmation\c++\tp3 - pacman sfml\pac-man\pac-man\debug\pac-man.tlog\link.write.1.tlog
