j:\programmation\c++\tp\tp2\snake\snake\debug\snake.obj
j:\programmation\c++\tp\tp2\snake\snake\debug\vc100.pdb
a:\programmation\c++\tp\tp2\snake\snake\debug\snake.obj
a:\programmation\c++\tp\tp2\snake\snake\debug\vc100.pdb
c:\users\matthieu\desktop\snake2\snake2\snake\debug\snake.obj
c:\users\matthieu\desktop\snake2\snake2\snake\debug\vc100.pdb
i:\programmation\c++\tp\tp2\snake\snake\snake\debug\snake.obj
i:\programmation\c++\tp\tp2\snake\snake\snake\debug\vc100.pdb
a:\programmation\c++\tp\tp2\snake\snake\snake\debug\snake.obj
a:\programmation\c++\tp\tp2\snake\snake\snake\debug\vc100.pdb
c:\users\matthieu\desktop\snake\snake\snake\debug\snake.obj
c:\users\matthieu\desktop\snake\snake\snake\debug\vc100.pdb
c:\users\matthieu\desktop\snake\snake\snake\debug\menusnake.obj
c:\users\matthieu\desktop\snake\snake\snake\debug\menu.obj
d:\samuel\bureau\snake\snake\debug\snake.obj
d:\samuel\bureau\snake\snake\debug\vc100.pdb
i:\programmation\c++\tp\tp2\snake\snake\debug\vc100.pdb
i:\programmation\c++\tp\tp2\snake\snake\debug\snake.obj
j:\programmation\c++\tp\tp2\snake\debug\snake.ilk
j:\programmation\c++\tp\tp2\snake\debug\snake.exe
j:\programmation\c++\tp\tp2\snake\snake\debug\snake.exe.intermediate.manifest
j:\programmation\c++\tp\tp2\snake\debug\snake.pdb
c:\users\matthieu\desktop\snake2\snake2\debug\snake.exe
c:\users\matthieu\desktop\snake2\snake2\snake\debug\snake.exe.intermediate.manifest
c:\users\matthieu\desktop\snake2\snake2\debug\snake.pdb
i:\programmation\c++\tp\tp2\snake\snake\debug\snake.exe
i:\programmation\c++\tp\tp2\snake\snake\snake\debug\snake.exe.intermediate.manifest
i:\programmation\c++\tp\tp2\snake\snake\debug\snake.pdb
a:\programmation\c++\tp\tp2\snake\snake\debug\snake.exe
a:\programmation\c++\tp\tp2\snake\snake\snake\debug\snake.exe.intermediate.manifest
a:\programmation\c++\tp\tp2\snake\snake\debug\snake.pdb
c:\users\matthieu\desktop\snake\snake\debug\snake.exe
c:\users\matthieu\desktop\snake\snake\snake\debug\snake.exe.intermediate.manifest
c:\users\matthieu\desktop\snake\snake\debug\snake.pdb
d:\samuel\bureau\snake\debug\snake.exe
d:\samuel\bureau\snake\snake\debug\snake.exe.intermediate.manifest
d:\samuel\bureau\snake\debug\snake.pdb
i:\programmation\c++\tp\tp2\snake\debug\snake.exe
i:\programmation\c++\tp\tp2\snake\snake\debug\snake.exe.intermediate.manifest
i:\programmation\c++\tp\tp2\snake\debug\snake.pdb
a:\programmation\c++\tp\tp2\snake\debug\snake.exe
a:\programmation\c++\tp\tp2\snake\snake\debug\snake.exe.intermediate.manifest
a:\programmation\c++\tp\tp2\snake\debug\snake.pdb
j:\programmation\c++\tp\tp2\snake\snake\debug\snake.exe.embed.manifest
a:\programmation\c++\tp\tp2\snake\snake\debug\snake.exe.embed.manifest
j:\programmation\c++\tp\tp2\snake\snake\debug\snake.exe.embed.manifest.res
a:\programmation\c++\tp\tp2\snake\snake\debug\snake.exe.embed.manifest.res
c:\users\matthieu\desktop\snake2\snake2\snake\debug\snake.exe.embed.manifest.res
i:\programmation\c++\tp2 - snake sdl\snake\snake\debug\snake.vcxprojresolveassemblyreference.cache
i:\programmation\c++\tp2 - snake sdl\snake\snake\debug\menu.obj
i:\programmation\c++\tp2 - snake sdl\snake\snake\debug\menusnake.obj
i:\programmation\c++\tp2 - snake sdl\snake\snake\debug\snake.obj
i:\programmation\c++\tp2 - snake sdl\snake\snake\debug\cl.command.1.tlog
i:\programmation\c++\tp2 - snake sdl\snake\snake\debug\cl.read.1.tlog
i:\programmation\c++\tp2 - snake sdl\snake\snake\debug\cl.write.1.tlog
i:\programmation\c++\tp2 - snake sdl\snake\snake\debug\link-cvtres.read.1.tlog
i:\programmation\c++\tp2 - snake sdl\snake\snake\debug\link-cvtres.write.1.tlog
i:\programmation\c++\tp2 - snake sdl\snake\snake\debug\link.2524-cvtres.read.1.tlog
i:\programmation\c++\tp2 - snake sdl\snake\snake\debug\link.2524-cvtres.write.1.tlog
i:\programmation\c++\tp2 - snake sdl\snake\snake\debug\link.2524.read.1.tlog
i:\programmation\c++\tp2 - snake sdl\snake\snake\debug\link.2524.write.1.tlog
i:\programmation\c++\tp2 - snake sdl\snake\snake\debug\link.2904-cvtres.read.1.tlog
i:\programmation\c++\tp2 - snake sdl\snake\snake\debug\link.2904-cvtres.write.1.tlog
i:\programmation\c++\tp2 - snake sdl\snake\snake\debug\link.2904.read.1.tlog
i:\programmation\c++\tp2 - snake sdl\snake\snake\debug\link.2904.write.1.tlog
i:\programmation\c++\tp2 - snake sdl\snake\snake\debug\link.8096-cvtres.read.1.tlog
i:\programmation\c++\tp2 - snake sdl\snake\snake\debug\link.8096-cvtres.write.1.tlog
i:\programmation\c++\tp2 - snake sdl\snake\snake\debug\link.8096.read.1.tlog
i:\programmation\c++\tp2 - snake sdl\snake\snake\debug\link.8096.write.1.tlog
i:\programmation\c++\tp2 - snake sdl\snake\snake\debug\link.command.1.tlog
i:\programmation\c++\tp2 - snake sdl\snake\snake\debug\link.read.1.tlog
i:\programmation\c++\tp2 - snake sdl\snake\snake\debug\link.write.1.tlog
i:\programmation\c++\tp2 - snake sdl\snake\snake\debug\mt.command.1.tlog
i:\programmation\c++\tp2 - snake sdl\snake\snake\debug\mt.read.1.tlog
i:\programmation\c++\tp2 - snake sdl\snake\snake\debug\mt.write.1.tlog
i:\programmation\c++\tp2 - snake sdl\snake\snake\debug\rc.command.1.tlog
i:\programmation\c++\tp2 - snake sdl\snake\snake\debug\rc.read.1.tlog
i:\programmation\c++\tp2 - snake sdl\snake\snake\debug\rc.write.1.tlog
i:\programmation\c++\tp2 - snake sdl\snake\snake\debug\snake.write.1.tlog
i:\programmation\c++\tp2 - snake sdl\snake\snake\debug\snake.exe.embed.manifest
i:\programmation\c++\tp2 - snake sdl\snake\snake\debug\snake.exe.intermediate.manifest
i:\programmation\c++\tp2 - snake sdl\snake\snake\debug\snake.exe.embed.manifest.res
i:\programmation\c++\tp2 - snake sdl\snake\snake\debug\vc100.idb
i:\programmation\c++\tp2 - snake sdl\snake\snake\debug\vc100.pdb
i:\programmation\c++\tp2 - snake sdl\snake\snake\debug\snake_manifest.rc
i:\programmation\c++\tp2 - snake sdl\snake\debug\snake.pdb
i:\programmation\c++\tp2 - snake sdl\snake\debug\snake.exe
